<?xml version="1.0" encoding="UTF-8"?>
<!-- Generated by org.testng.reporters.JUnitXMLReporter -->
<testsuite hostname="USC-W-2406ST2" ignored="10" name="Default test" tests="2" failures="0" timestamp="08 Sep 2019 00:02:54 GMT" time="43.127" errors="0">
  <testcase name="TestLogic" time="12.029" classname="test.BumpingLogic"/>
  <testcase name="TestLogic" time="12.02" classname="test.BumpingLogic"/>
  <testcase name="CoQues" time="0.0" classname="test.BumpingLogic">
    <ignored/>
  </testcase> <!-- CoQues -->
  <testcase name="Endorsements" time="0.0" classname="test.BumpingLogic">
    <ignored/>
  </testcase> <!-- Endorsements -->
  <testcase name="eAppAIConti" time="0.0" classname="test.BumpingLogic">
    <ignored/>
  </testcase> <!-- eAppAIConti -->
  <testcase name="eAppDwellingDetails" time="0.0" classname="test.BumpingLogic">
    <ignored/>
  </testcase> <!-- eAppDwellingDetails -->
  <testcase name="eAppDwelling" time="0.0" classname="test.BumpingLogic">
    <ignored/>
  </testcase> <!-- eAppDwelling -->
  <testcase name="eAppAAInfo" time="0.0" classname="test.BumpingLogic">
    <ignored/>
  </testcase> <!-- eAppAAInfo -->
  <testcase name="Personal" time="0.0" classname="test.BumpingLogic">
    <ignored/>
  </testcase> <!-- Personal -->
  <testcase name="Personal" time="0.0" classname="test.BumpingLogic">
    <ignored/>
  </testcase> <!-- Personal -->
  <testcase name="quoteSumm" time="0.0" classname="test.BumpingLogic">
    <ignored/>
  </testcase> <!-- quoteSumm -->
  <testcase name="LossHistory" time="0.0" classname="test.BumpingLogic">
    <ignored/>
  </testcase> <!-- LossHistory -->
</testsuite> <!-- Default test -->
